-------------------------------------------------------------------------------
Test set: com.cg.ohmssprint5.OhmsSprint5ApplicationTests
-------------------------------------------------------------------------------
Tests run: 1, Failures: 0, Errors: 1, Skipped: 0, Time elapsed: 0.297 s <<< FAILURE! - in com.cg.ohmssprint5.OhmsSprint5ApplicationTests
initializationError(com.cg.ohmssprint5.OhmsSprint5ApplicationTests)  Time elapsed: 0.013 s  <<< ERROR!
java.lang.IllegalStateException: Unable to find a @SpringBootConfiguration, you need to use @ContextConfiguration or @SpringBootTest(classes=...) with your test

