<?xml version="1.0" encoding="UTF-8"?>
<testsuite xmlns:xsi="http://www.w3.org/2001/XMLSchema-instance" xsi:noNamespaceSchemaLocation="https://maven.apache.org/surefire/maven-surefire-plugin/xsd/surefire-test-report.xsd" name="com.cg.ohmssprint5.OhmsSprint5ApplicationTests" time="0.297" tests="1" errors="1" skipped="0" failures="0">
  <properties>
[...]
</properties>
  <testcase name="initializationError" classname="com.cg.ohmssprint5.OhmsSprint5ApplicationTests" time="0.013">
    <error message="Unable to find a @SpringBootConfiguration, you need to use @ContextConfiguration or @SpringBootTest(classes=...) with your test" type="java.lang.IllegalStateException">java.lang.IllegalStateException: Unable to find a @SpringBootConfiguration, you need to use @ContextConfiguration or @SpringBootTest(classes=...) with your test
</error>
    <system-out><![CDATA[17:09:41.860 [main] DEBUG org.springframework.test.context.junit4.SpringJUnit4ClassRunner - SpringJUnit4ClassRunner constructor called with [class com.cg.ohmssprint5.OhmsSprint5ApplicationTests]
17:09:41.865 [main] DEBUG org.springframework.test.context.BootstrapUtils - Instantiating CacheAwareContextLoaderDelegate from class [org.springframework.test.context.cache.DefaultCacheAwareContextLoaderDelegate]
17:09:41.874 [main] DEBUG org.springframework.test.context.BootstrapUtils - Instantiating BootstrapContext using constructor [public org.springframework.test.context.support.DefaultBootstrapContext(java.lang.Class,org.springframework.test.context.CacheAwareContextLoaderDelegate)]
17:09:41.895 [main] DEBUG org.springframework.test.context.BootstrapUtils - Instantiating TestContextBootstrapper for test class [com.cg.ohmssprint5.OhmsSprint5ApplicationTests] from class [org.springframework.boot.test.context.SpringBootTestContextBootstrapper]
17:09:41.911 [main] INFO org.springframework.boot.test.context.SpringBootTestContextBootstrapper - Neither @ContextConfiguration nor @ContextHierarchy found for test class [com.cg.ohmssprint5.OhmsSprint5ApplicationTests], using SpringBootContextLoader
17:09:41.917 [main] DEBUG org.springframework.test.context.support.AbstractContextLoader - Did not detect default resource location for test class [com.cg.ohmssprint5.OhmsSprint5ApplicationTests]: class path resource [com/cg/ohmssprint5/OhmsSprint5ApplicationTests-context.xml] does not exist
17:09:41.917 [main] DEBUG org.springframework.test.context.support.AbstractContextLoader - Did not detect default resource location for test class [com.cg.ohmssprint5.OhmsSprint5ApplicationTests]: class path resource [com/cg/ohmssprint5/OhmsSprint5ApplicationTestsContext.groovy] does not exist
17:09:41.918 [main] INFO org.springframework.test.context.support.AbstractContextLoader - Could not detect default resource locations for test class [com.cg.ohmssprint5.OhmsSprint5ApplicationTests]: no resource found for suffixes {-context.xml, Context.groovy}.
17:09:41.918 [main] INFO org.springframework.test.context.support.AnnotationConfigContextLoaderUtils - Could not detect default configuration classes for test class [com.cg.ohmssprint5.OhmsSprint5ApplicationTests]: OhmsSprint5ApplicationTests does not declare any static, non-private, non-final, nested classes annotated with @Configuration.
17:09:41.970 [main] DEBUG org.springframework.test.context.support.ActiveProfilesUtils - Could not find an 'annotation declaring class' for annotation type [org.springframework.test.context.ActiveProfiles] and class [com.cg.ohmssprint5.OhmsSprint5ApplicationTests]
]]></system-out>
  </testcase>
</testsuite>